
running 1 test
[
    (
        "aaafuture-generations:000",
        "# Longtermism: the moral significance of future generations\n## !empty\n<p class=\"entry-meta small\">By <span class=\"byline author vcard\"><a href=\"https://80000hours.org/author/benjamin-todd/\" rel=\"author\" class=\"fn\">Benjamin Todd</a></span> · Published <time class=\"published\" datetime=\"2017-10-24T06:33:52+00:00\">October 2017</time></p>",
    ),
    (
        "aabfuture-generations:004",
        "!podcast-player",
    ),
    (
        "aacfuture-generations:138",
        "Most people think we should have some concern for future generations, but this obvious sounding idea can lead to a surprising conclusion.",
    ),
    (
        "aadfuture-generations:184",
        "Since the future might be very long, there could be far more people in future generations than in the present generation. This means that if you want to make the world better in an _impartial_ way — i.e. without regard to people’s race, class, or where or _when_ they’re born — then what most matters morally is that the future goes as well as it can for all generations to come. We’ve called this the ‘long-term value thesis.’",
    ),
    (
        "aaefuture-generations:140",
        "When this thesis is also combined with the idea that some of our actions can have non-negligible effects on how the future goes, it implies that one of our biggest priorities should be ensuring the future goes well. This further idea is usually called ‘longtermism.’ Most of this article is about the long-term value thesis, but it comes back to whether we can affect the future at the end.",
    ),
    (
        "aaffuture-generations:180",
        "The long-term value thesis is often confused with the claim that we shouldn’t _do_ anything to help people in the present generation. But the thesis is about what most _matters_ — what we should _do_ about it is a further question. If it turned out that the best way to help those in the future is to improve the lives of people in the present, such as through providing health and education, then longtermists would focus on that. The difference is that the biggest _reason_ to help those in the present would be to improve the long term.",
    ),
    (
        "aagfuture-generations:249",
        "The arguments for and against longtermism are a fascinating new area of research. Many of the key advances have been made by philosophers who have spent time in Oxford, like [Derek Parfit](https://www.amazon.com/Reasons-Persons-Derek-Parfit/dp/019824908X), [Nick Bostrom](https://nickbostrom.com/astronomical/waste.html), [Nick Beckstead](http://www.nickbeckstead.com/research), [Hilary Greaves](http://users.ox.ac.uk/~mert2255/#research) and [Toby Ord](http://www.tobyord.com/research/). We’ve found it interesting to watch them deepen and refine these arguments over the last 10 or so years, and we think longtermism might well turn out to be one of the most important discoveries of [effective altruism](https://www.centreforeffectivealtruism.org/what-is-effective-altruism/) so far.",
    ),
    (
        "aahfuture-generations:253",
        "In the rest of this article, you can see a one-page introduction to longtermism in a nutshell, then we give an overview of the main arguments for and against the long-term value thesis, discuss three common objections, and finish by briefly discussing whether we can affect the future and what longtermism might imply.",
    ),
    (
        "aaifuture-generations:018",
        "<div class=\"panel clearfix \">",
    ),
    (
        "aajfuture-generations:020",
        "[!img~ style=\"width: 30%; margin-left: 10%; margin-top:-10px; float: right;\" ~[book cover](https://80000hours.org/wp-content/uploads/2020/03/the-precipice-3d.jpg)](/the-precipice/)",
    ),
    (
        "aakfuture-generations:170",
        "<div style=\"margin-top: -10px;\">\nIf you prefer a book, Dr Toby Ord, an Oxford philosopher and 80,000 Hours trustee, has recently published _[The Precipice: Existential Risk and the Future of Humanity](/the-precipice/)_ which gives an overview of the moral importance of future generations, and what we can do to help them today.",
    ),
    (
        "aalfuture-generations:025",
        "#### We’ll mail you the book (for free)",
    ),
    (
        "aamfuture-generations:027",
        "Join the 80,000 Hours newsletter and we’ll send you a free copy of the book.",
    ),
    (
        "aanfuture-generations:194",
        "We’ll also send you updates on our latest research, opportunities to work on existential risk, and news from the author.",
    ),
    (
        "aaofuture-generations:031",
        "!newsletter-subscribe",
    ),
    (
        "aapfuture-generations:033",
        "If you’re already on our newsletter, email us at [book.giveaway@80000hours.org](/cdn-cgi/l/email-protection#b1d3dededa9fd6d8c7d4d0c6d0c897d2dedcdcd0c58a8981818181d9dec4c3c29fdec3d6) to get a copy.",
    ),
    (
        "aaqfuture-generations:079",
        "</div>",
    ),
    (
        "aarfuture-generations:079future-generations:057",
        "</div>",
    ),
    (
        "aasfuture-generations:057",
        "If you prefer to start by watching something, this video by Kurzgesagt presents the idea that there could be many future generations with very good lives. We’ll explain what this implies in the rest of this article.",
    ),
    (
        "aatfuture-generations:057future-generations:045",
        "(Also, if you’re visiting us _from_ this video — welcome! We hope you like what you read.)",
    ),
    (
        "aaufuture-generations:057future-generations:045future-generations:045",
        "!ytb-LEENEFaVUzU",
    ),
    (
        "aavfuture-generations:057future-generations:045future-generations:045future-generations:045",
        "<div class=\"panel clearfix \">",
    ),
    (
        "aawfuture-generations:045",
        "## Longtermism in a nutshell",
    ),
    (
        "aaxfuture-generations:166",
        "The average mammalian species lasts for about one million years. Homo sapiens have been around for only 200,000. With the benefit of technology and foresight, civilisation could, in principle, survive for at least as long as the earth is habitable — probably around 600–800 million years more.[^:`And if humanity finds a way to flourish outside of Earth, civilisation could last far longer still.`]",
    ),
    (
        "aayfuture-generations:237",
        "Given that we can’t rule out this possibility, this means that there will, [in expectation](https://80000hours.org/articles/expected-value/), be a huge number of future generations. There could also be a much larger number of people in each future generation, and their lives could be much better than ours.",
    ),
    (
        "aazfuture-generations:156",
        "We think future generations clearly matter, and impartial concern most likely implies their interests matter as much as anyone’s.[^:`Technically, another claim is needed to complete this argument. We must say that others' interests matter regardless of their 'modal status' -- roughly whether an individual would exist 'no matter what we do' or 'might exist or might not exist depending on our actions.'",
    ),
    (
        "abafuture-generations:016",
        "People who believe that this is an important moral difference often hold a 'person-affecting view.' We've given some reasons we disagree with the person-affecting view in our [article on future generations](https://80000hours.org/articles/future-generations/#3-do-we-have-moral-obligations-to-future-generations).`]",
    ),
    (
        "abbfuture-generations:223",
        "If we care about _all_ the consequences of our actions, then what’s most important about our actions from an impartial perspective is their potential effects on these future generations.",
    ),
    (
        "abcfuture-generations:188",
        "If this reasoning is correct, it would imply that approaches to improving the world should be evaluated mainly in terms of their potential long-term impact, over thousands, millions, or even billions of years.",
    ),
    (
        "abdfuture-generations:144",
        "In other words, the question “How can I have a positive impact?” should mostly be replaced with “How can I best make the very long-term future go well?” These arguments and their implications are studied as part of an emerging school of thought called _longtermism_.",
    ),
    (
        "abefuture-generations:142",
        "We feel relatively confident about this idea, but we’re not confident about what it implies in practice.",
    ),
    (
        "abffuture-generations:008",
        "An obvious response to the above is that it’s so difficult to predict the very long-term effects of our actions that although these effects might be very important, we don’t know what they are. Instead, this response goes, we should focus on helping people in the short-term where we can have more confidence in their positive effects.",
    ),
    (
        "abgfuture-generations:196",
        "We agree it’s very hard to know the long-term effects of our actions; however, as discussed above, we think we should aim to use whatever evidence and theory is available to make the best possible estimates of the expected value of different actions. Moreover, because the expected number of future generations is so great, our actions only need to have non-negligible effects on them for these effects to dominate their expected value.",
    ),
    (
        "abhfuture-generations:059",
        "In practice, we think there _are_ some actions that potentially have very long-term positive effects. For example, we can take steps to make it less likely that civilisation ends through a disaster like nuclear war, which would irreversibly deprive future generations of the chance to flourish. We cover other examples in the next section.",
    ),
    (
        "abifuture-generations:099",
        "Let’s explore some hypothetical numbers to illustrate the general concept. If there’s a 5% chance that civilisation lasts for ten million years, then in expectation, there are over 5,000 future generations. If thousands of people making a concerted effort could, with a 55% probability, reduce the risk of premature extinction by 1 percentage point, then these efforts would in expectation save 28 future generations. If each generation contains ten billion people, that would be 280 billion additional individuals who get to live flourishing lives. If there’s a chance civilisation lasts longer than ten million years, or that there are more than ten billion people in each future generation, then the argument is strengthened even further.",
    ),
    (
        "abjfuture-generations:190",
        "Even if we’re not sure what actions would help today, longtermism would likely imply that our key focus should be on carrying out research to identify these actions, or otherwise making society better able to tackle long-term challenges.",
    ),
    (
        "abkfuture-generations:261",
        "In contrast, we don’t see much reason to expect that actions with good short-term effects will also be those that will be best from a long-term perspective.",
    ),
    (
        "ablfuture-generations:245",
        "Another major reason why we think it’s worth taking longtermism seriously is that future generations lack any economic or political power, which means we should expect their interests to be neglected by our current institutions. Within philanthropy, too, very little attention is paid to the interests of those who might live more than 100 years in the future. This all suggests that outstanding opportunities to help may remain untaken, and that it would be reasonable for society to allocate significantly more attention to these issues.",
    ),
    (
        "abmfuture-generations:071",
        "We remain unsure about many of these arguments, but overall we’re persuaded that focusing more on the very long-term effects of our actions is our best bet for now.",
    ),
    (
        "abnfuture-generations:071future-generations:231",
        "</div>",
    ),
    (
        "abofuture-generations:231",
        "## Why think the future matters more than the present?",
    ),
    (
        "abpfuture-generations:108",
        "What are the things you most value in human civilisation today? People being happy and free of suffering? People fulfilling their potential? Knowledge? Art?",
    ),
    (
        "abqfuture-generations:118",
        "In almost all of these cases, there’s potentially a lot more of it to come in the future:",
    ),
    (
        "abrfuture-generations:087",
        "1. The Earth could remain habitable for 600–800 million years,[^:`800 million years from now:",
    ),
    (
        "absfuture-generations:164",
        "   > Carbon dioxide levels fall to the point at which C4 photosynthesis is no longer possible. Free oxygen and ozone disappear from the atmosphere. Multicellular life dies out.",
    ),
    (
        "abtfuture-generations:091",
        "   _Timeline of the far future_, Wikipedia,",
    ),
    (
        "abufuture-generations:051",
        "   [Archived link](https://web.archive.org/web/20171022015521/https://en.wikipedia.org/wiki/Timeline_of_the_far_future), retrieved 22-October-2017`] so there could be about 21 million future generations,[^:`Assuming 3 generations per 100 years.`] and if we do the needed work, they could lead great lives — whatever you think ‘great’ consists of. Even if you don’t think future generations matter as much as the present generation, since there could be so many of them, they could still be our key concern.",
    ),
    (
        "abvfuture-generations:095",
        "2. Civilisation could also eventually reach other planets — there are 100 billion planets in the Milky Way alone.[^:`_The Milky Way Contains at Least 100 Billion Planets According to Survey_, Hubblesite,",
    ),
    (
        "abwfuture-generations:186",
        "   [Archived link](https://web.archive.org/web/20140723213047/http://hubblesite.org/newscenter/archive/releases/2012/07/full/), retrieved 22-October-2017`] So, even if there’s only a small chance of this happening, there could also be dramatically more people _per generation_ than there are today. By reaching other planets, civilisation could also last even longer than if we stay on the Earth.",
    ),
    (
        "abxfuture-generations:126",
        "3. If you think it’s good for people to live happier and more flourishing lives, there’s a possibility that technology and social progress will let people have much better and longer lives in the future (including people in the present generation). So, putting these first three points together, there could be many more generations, with far more people, with the potential to be living much better lives. The three dimensions multiply together to give the potential scale of the future.",
    ),
    (
        "abyfuture-generations:239",
        "4. It seems possible that the future could contain far more of the other things humans value, including beauty, justice, and knowledge.[^:`Though some forms of justice and virtue focused ethics might not hold that we ought to _maximise_ justice or virtue; instead, for instance, it may be a matter of satisfying a set of conditions.`]",
    ),
    (
        "abzfuture-generations:146",
        "5. If you greatly value artistic and intellectual achievement, a far wealthier and bigger civilisation could have far greater achievements than our own.",
    ),
    (
        "acafuture-generations:106",
        "\nAnd so on.",
    ),
    (
        "acbfuture-generations:198",
        "This suggests that, insofar as you care about making the world a better place, your key concern should be whether the future goes well or badly.",
    ),
    (
        "accfuture-generations:168",
        "This isn’t to deny that you have special obligations to your friends and family, and an interest in your own life going well. We’re only talking about what matters insofar as you care about helping others impartially — philosophers often call this what matters “from the point of view of the universe.” We think everyone should care about the lives of all others in this sense _to some degree_, even if you care about other things as well.",
    ),
    (
        "acdfuture-generations:012",
        "People often assume the long-term value thesis is especially about the possibility of there being lots of _people_ in the future, and so only of interest to a narrow range of ethical views (especially [total utilitarianism](http://users.ox.ac.uk/~mert2255/papers/population_axiology.pdf)), but as we can see in the list above, it’s actually much broader. It just rests on the idea that if _something_ is of value, it’s better to have more of what’s valuable rather than less, and that it’s possible to have much more of it in the future. This might include non-welfare values, such as beauty or knowledge. The arguments are also not about humans; rather, they concern whatever agents in the future might have moral value, including other species.",
    ),
    (
        "acefuture-generations:210",
        "People also often think that the long-term value thesis assumes the future will have positive rather than negative value. Quite the opposite is true — the future could also contain far more suffering than the present, and this implies _even more_ concern for how it unfolds. It’s important to reduce the probability of bad futures as well as increase the probability of good ones.",
    ),
    (
        "acffuture-generations:053",
        "You can see a more rigorous presentation of the arguments in Chapter 3 of [_On the Overwhelming Importance of Shaping the Far Future_](https://80000hours.org/wp-content/uploads/2022/01/Beckstead-Nick-On-the-Overwhelming-Importance-of-Shaping-the-Far-Future-better-formatting.pdf), by Nick Beckstead.",
    ),
    (
        "acgfuture-generations:124",
        "Now let’s consider three of the most common objections to the long-term value thesis.",
    ),
    (
        "achfuture-generations:120",
        "## 1\\. Will the future actually be big?",
    ),
    (
        "acifuture-generations:128",
        "The argument relies on the possibility of there being much more value in the future. But you might doubt that civilisation can actually survive very long, or that we will ever live on other planets, or that people’s lives can be much better or worse than those of people today.",
    ),
    (
        "acjfuture-generations:085",
        "There’s a lot of reason to doubt these claims. Let’s look at them in a little more depth.",
    ),
    (
        "ackfuture-generations:172",
        "First, what’s _not_ up for debate is the _possibility_ that the future could be big. It’s a widely accepted scientific position that the Earth could remain habitable for hundreds of millions of years, and that there are at least a hundred billion planets in the galaxy. What’s more, there’s no reason to think it’s impossible that civilisation could discover far more powerful technology than we have today, or that people could live far better and more satisfying lives than they do today.",
    ),
    (
        "aclfuture-generations:221",
        "Rather, what’s in doubt is the _likelihood_ that these developments come to pass. Unfortunately there is no definitive way to estimate this likelihood. The best we can do is to weigh the arguments for and against a big future, and make our best estimates.",
    ),
    (
        "acmfuture-generations:182",
        "If you think that civilisation is virtually guaranteed to end in the next couple of hundred years, then the future won’t have much more value than the present. However, if you think there’s a 5% chance that civilisation survives 10 million generations till the end of the Earth,[^:`Sometimes people object that this is a \"Pascal's wager\" type argument, but a 10% chance is typically larger than is used in these arguments, and the supposed future value is still finite rather than infinite.`] then (in expectation) there will be over 500,000 future generations. This means the future is at least 500,000 times ‘bigger’ than the present. This could happen if there’s a chance civilisation reaches a stable state where the risk of extinction becomes low.",
    ),
    (
        "acnfuture-generations:132",
        "In general, the bigger you think the future could be, and the more likely you think we are to get there, the greater the value.",
    ),
    (
        "acofuture-generations:010",
        "Further, if you’re _uncertain_ whether the future will be big, then a top priority should be to _figure out_ whether it will be — it would be the most important moral discovery you could make. So, even if you’re not sure you directly should act on the thesis, it might still be the most important area for research. We see this kind of research as extremely important.",
    ),
    (
        "acpfuture-generations:136",
        "## 2\\. What about discounting?",
    ),
    (
        "acqfuture-generations:006",
        "Sometimes at this point people, especially those trained in economics, mention “discounting” as a reason to not care about the long term.",
    ),
    (
        "acrfuture-generations:049",
        "When economists compare benefits in the future to benefits in the present, they typically reduce the value of the future benefits by some amount called the ‘discount factor.’ A typical social discount rate might be 1% per year, which means that benefits in 100 years are only worth 36% as much as benefits today, and benefits in 1,000 years are worth almost nothing.",
    ),
    (
        "acsfuture-generations:083",
        "To understand whether this is a valid response, you need to consider why the concept of discounted benefits was invented in the first place.",
    ),
    (
        "actfuture-generations:101",
        "There are good reasons to discount _economic_ benefits. One reason is that if you receive money now, you can invest it, and earn a return each year. This means it’s better to receive money now rather than later. People in the future might also be wealthier, which means that money is less valuable to them.",
    ),
    (
        "acufuture-generations:148",
        "However, these reasons don’t obviously apply to welfare — people having good lives. You can’t directly “invest” welfare today and get more welfare later, like you can with money. The same seems true for other intrinsic values, such as justice.",
    ),
    (
        "acvfuture-generations:214",
        "There are other reasons to discount welfare,[^:`For instance, we might discount welfare due to uncertainty about whether it will happen, but we've already taken uncertainty about the future into account when estimating its expected value.",
    ),
    (
        "acwfuture-generations:065",
        "We might also discount welfare in practice, since having happy people now might be thought to produce more happy people in the future.`] and this is a complex debate. However, the bottom line is that almost every philosopher who has worked on the issue doesn’t think we should discount the _intrinsic value_ of welfare — i.e. from the point of view of the universe, one person’s happiness is worth just the same amount no matter when it occurs.",
    ),
    (
        "acxfuture-generations:158",
        "Indeed, if you suppose we can discount welfare, we can easily end up with conclusions that sound absurd. For instance, a 3% discount rate would imply that the suffering of one person today was equal to the suffering of 16 trillion people in 1,000 years.",
    ),
    (
        "acyfuture-generations:154",
        "As Derek Parfit said:",
    ),
    (
        "aczfuture-generations:150",
        "> Why should costs and benefits receive less weight, simply because they are further in the future? When the future comes, these benefits and costs will be no less real. Imagine finding out that you, having just reached your twenty-first birthday, must soon die of cancer because one evening Cleopatra wanted an extra helping of dessert. How could this be justified?",
    ),
    (
        "adafuture-generations:152",
        "If we reject the discounting of welfare and other intrinsic values, then the chance that there could be a great deal of value in the future is still important. Moreover, this doesn’t stand in tension with the economic practice of discounting monetary benefits.",
    ),
    (
        "adbfuture-generations:160",
        "If you’d like to see a more technical discussion of these issues, see [_Discounting for Climate Change_](http://users.ox.ac.uk/~mert2255/papers/discounting.pdf) by Hilary Graves. There is a more accessible discussion at 1h00m50s in [our podcast with Toby Ord](https://80000hours.org/articles/why-the-long-run-future-matters-more-than-anything-else-and-what-we-should-do-about-it/) and in Chapter 4 of [_Stubborn Attachments_](https://web.archive.org/web/20170808184525/medium.com/stubborn-attachments/stubborn-attachments-full-text-8fc946b694d) by Tyler Cowen.",
    ),
    (
        "adcfuture-generations:162",
        "## 3\\. Do we have moral obligations to future generations?",
    ),
    (
        "addfuture-generations:176",
        "A final response is that although the future might be big, we’re not obligated to help people who don’t yet exist in the same way as we’re obligated to help people alive right now.",
    ),
    (
        "adefuture-generations:022",
        "This objection is usually associated with a “person-affecting” view of ethics, which is sometimes summed up as the view that “Ethics is about helping make people happy, not making happy people.” In other words, we only have moral obligations to help those who are already alive, and not to enable more people to exist with good lives.",
    ),
    (
        "adffuture-generations:075",
        "You can see where this intuition comes from if you consider the following choice: is it better to cure one person who’s 60 years old of cancer and allow them to live to 80, or to bring one new person into existence who will live a good life for 80 years? Most people think we should help the 60 year old, even though the new person gains four times as much good life.",
    ),
    (
        "adgfuture-generations:110",
        "However, person-affecting views suffer from a number of problems. For instance, suppose you have the option to bring into existence someone who would not otherwise have existed, whose life involves severe and constant suffering from birth until death, and who wished they had never been born.",
    ),
    (
        "adhfuture-generations:174",
        "Nearly everyone agrees this is a bad thing to do. A naive person-affecting view, however, says that, since it involves creating a new person, this lies outside of our ethical concern, and so is neither good nor bad. So, the person-affecting view conflicts with the obvious idea that we shouldn’t create the suffering life.",
    ),
    (
        "adifuture-generations:263",
        "Person-affecting views can avoid this conflict by positing that it’s bad to create lives filled with suffering, but it’s neither good nor bad to create _happy_ lives. Then, it’s wrong to create the suffering-filled life, but there’s no reason to enable more happy people to exist in the future.",
    ),
    (
        "adjfuture-generations:073",
        "One issue with this is that it’s unclear why this asymmetry would exist. The bigger problem though is that this asymmetry conflicts with another common sense idea.",
    ),
    (
        "adkfuture-generations:204",
        "Suppose you have the choice to bring into existence one person with an amazing life, or another person whose life is barely worth living, but still more good than bad. Clearly, it seems better to bring about the amazing life, but if creating a happy life is neither good nor bad, then we have to conclude that both options are neither good nor bad. This implies both options are equally good, which seems bizarre.",
    ),
    (
        "adlfuture-generations:225",
        "This is a complex debate, and rejecting the person-affecting view also has counterintuitive conclusions. For instance, if you agree that it’s good to create people whose lives are more good than bad, then you’ll need to accept that we could have a better world filled with a huge number of people whose lives are just barely worth living. This is called the “ [repugnant conclusion](https://plato.stanford.edu/entries/repugnant-conclusion/).”",
    ),
    (
        "admfuture-generations:014",
        "Our view, however, is that it’s better to reject the person-affecting view. You can see a summary of the arguments in this [public lecture by Hilary Greaves](https://www.youtube.com/watch?v=0cHT4yWUEaA) (based on [this paper](http://users.ox.ac.uk/~mert2255/papers/population_axiology.pdf)) and in Chapter 4 of [_On the Overwhelming Importance of Shaping the Far Future_](https://80000hours.org/wp-content/uploads/2022/01/Beckstead-Nick-On-the-Overwhelming-Importance-of-Shaping-the-Far-Future-better-formatting.pdf) by Nick Beckstead. It’s also discussed in [our podcast with Toby Ord](https://80000hours.org/articles/why-the-long-run-future-matters-more-than-anything-else-and-what-we-should-do-about-it).[^:`It’s also been argued that **even if** you take a person-affecting approach, you might still think that the future is more important than the present. This is because some people who are alive today might be able to live a very long time, and have much higher levels of welfare than they do today. Rather than create more people, your key concern should be to ensure that these possibilities are realised. So, even if you have a person-affecting view, the long-term value thesis might still hold.`]",
    ),
    (
        "adnfuture-generations:067",
        "What’s our position? As stated, we find the criticisms of the person-affecting view persuasive, so don’t find it a convincing response to the long-term value thesis. However, since many people hold something like the person-affecting view, we think it deserves some weight, and that means we should act as if we have somewhat greater obligations to help someone who’s already alive compared to someone who doesn’t exist yet. (This is an application of [moral uncertainty](https://80000hours.org/articles/moral-uncertainty/)).",
    ),
    (
        "adofuture-generations:093",
        "Likewise, we think there might be other types of ethical reasons to have additional concern for the present. For instance, maybe the unique nature of injustice means we have _extra_ reasons to fight great injustices being perpetrated today. (Though there may also be reasons of justice to make sure the interests of future generations aren’t ignored.)",
    ),
    (
        "adpfuture-generations:251",
        "However, these reasons to place special value on the present need to be set against the potentially far greater amount of value in the future. How to do this is an extremely difficult question, and involves unsettled questions in the study of [moral uncertainty](https://80000hours.org/articles/moral-uncertainty/).",
    ),
    (
        "adqfuture-generations:077",
        "Trying to weigh this up, we think we should have far greater concern for the future, though we care more about the present generation than we would if we naively weighed up the numbers.",
    ),
    (
        "adrfuture-generations:192",
        "## So, is there much more value in the future?",
    ),
    (
        "adsfuture-generations:200",
        "We think the original argument survives the responses, and so, when it comes to doing good, our key concern is how the long-term unfolds.",
    ),
    (
        "adtfuture-generations:063",
        "That said, we’re still highly uncertain about these arguments. There’s a good chance we’ve missed a [crucial consideration](http://www.stafforini.com/blog/bostrom/) and this picture is wrong. These ideas are still new and have not been heavily studied. We’re also uncertain how to weigh the value of the future against other moral concerns given [moral uncertainty](https://concepts.effectivealtruism.org/concepts/moral-uncertainty/).",
    ),
    (
        "adufuture-generations:314",
        "This makes us cautious to put _overwhelming_ value on the future, even if that’s what the raw numbers might imply. Instead, we see making the future go well as our key, but not only, moral concern.",
    ),
    (
        "advfuture-generations:029",
        "We also place a great amount of value on learning more about these issues to refine our priorities, and we attach importance to many other moral demands.",
    ),
    (
        "adwfuture-generations:202",
        "## Can we actually influence the future?",
    ),
    (
        "adxfuture-generations:122",
        "You might be persuaded by these arguments, but believe they are irrelevant because we can’t significantly impact the future. It’s natural to think that the overall effects of our actions on the future are unknowable. If so, you might accept the long-term value thesis but reject longtermism, and instead believe that the best we can do is help people in the short term.",
    ),
    (
        "adyfuture-generations:206",
        "However, we think there are ways we can impact the future:",
    ),
    (
        "adzfuture-generations:247",
        "1. We can speed up processes that impact the future. Our economy tends to grow every year, and this suggests that if we make society wealthier today, this wealth will compound, making future people wealthier.",
    ),
    (
        "aeafuture-generations:097",
        "2. More significantly, we could precipitate the end of civilisation, perhaps through a nuclear war, run-away climate change, engineered pandemics, or other disasters. This would foreclose the possibility of all future value. It seems like there are things the current generation can do to increase or decrease the chance of extinction, as we cover in our [problem profiles](/problem-profiles/).",
    ),
    (
        "aebfuture-generations:069",
        "3. There might be other major, irreversible changes besides extinction that we can influence, which could either be positive or negative. For instance, if a totalitarian government came into power that couldn’t be overthrown, the badness of that government would be locked-in for a very long time. If we could decrease the chance of that happening, that would be very good, and vice versa. Alternatively, genetic engineering might make it possible to fundamentally change human values, and then these values would be passed down to every future generation. This could either be very good or very bad, depending on your moral views and how it was done.",
    ),
    (
        "aecfuture-generations:134",
        "4. Even if you’re not sure how to help the future, then your key aim could be to do _research_ to work it out. We’re uncertain about lots of ways to help people, but that doesn’t mean we shouldn’t try. This is part of [global priorities research](https://80000hours.org/problem-profiles/global-priorities-research/), and there are plenty of concrete questions to investigate.",
    ),
    (
        "aedfuture-generations:116",
        "\nYou can see more detail on the different ways to shape the future in Chapter 3 of [_On the Overwhelming Importance of Shaping the Far Future_](https://80000hours.org/wp-content/uploads/2022/01/Beckstead-Nick-On-the-Overwhelming-Importance-of-Shaping-the-Far-Future-better-formatting.pdf).",
    ),
    (
        "aeefuture-generations:219",
        "What’s the practical upshot of these possibilities?",
    ),
    (
        "aeffuture-generations:227",
        "If you think there’s a huge amount of value in the future, and there are not-ridiculously-small ways we can affect it, then these actions will be the highest-impact we can take. Nick Beckstead calls this the “future-shaping argument.”",
    ),
    (
        "aegfuture-generations:208",
        "In fact, it turns out that many of the ways to help future generations are also highly _neglected_. This is exactly what you’d expect — the present generation has a much greater interest in helping itself rather than improving the future.",
    ),
    (
        "aehfuture-generations:114",
        "Future generations can’t buy things, so lack economic power. They lack any political representation, and depend entirely on our generosity towards them. And because we never see the effects of our actions, even people who want to make a difference often neglect them. Within philanthropy, too, very little attention is paid to the interests of those who might live more than 100 years in the future.",
    ),
    (
        "aeifuture-generations:055",
        "This all suggests that outstanding opportunities to help may remain untaken, and that it would be reasonable for society to allocate significantly more attention to these issues.",
    ),
    (
        "aejfuture-generations:229",
        "You can read more about [objections to longtermism and responses in this article](https://www.effectivealtruism.org/articles/longtermism/#objections).",
    ),
    (
        "aekfuture-generations:081",
        "## What are the best ways to help future generations right now?",
    ),
    (
        "aelfuture-generations:233",
        "This is a topic for another article, but here is a very quick outline of our views.",
    ),
    (
        "aemfuture-generations:235",
        "One area that _doesn’t_ seem to be the top priority is speeding up progress. In terms of importance, [Beckstead argues in Chapter 3 of his thesis](https://rucore.libraries.rutgers.edu/rutgers-lib/40469/PDF/1/play/) (expanding on Nick Bostrom’s original paper, [Astronomical Waste](https://www.nickbostrom.com/astronomical/waste.html)) that from a long-term perspective, what matters most is where we end up, not how fast we get there, so speed-ups are less important than changes that alter the long-term trajectory.",
    ),
    (
        "aenfuture-generations:255",
        "Second, efforts to speed up progress are also far less neglected than other ways to help the future — the world spends about one trillion dollars a year on R&D, and a lack of neglect is what we should expect, since these discoveries also benefit the present generation.",
    ),
    (
        "aeofuture-generations:255future-generations:241",
        "Instead, what’s most important are “path changes” — actions that have the potential to shape the future over a very long timescale. (You could argue that speeding up progress will result in a path change, but the path change is where most of the value is.)",
    ),
    (
        "aepfuture-generations:241",
        "The main question is then which types of path change we should focus on?",
    ),
    (
        "aeqfuture-generations:243",
        "The clearest example of a priority today seems to be reducing existential risks.",
    ),
    (
        "aerfuture-generations:212",
        "There is a small but real possibility that civilisation ends in the next century; and this would not only be terrible for the present generation, it would permanently remove the possibility of a good future. We need to get these risks down before we can focus on other ways of improving the future. What’s more, there are many concrete, highly neglected [proposals to reduce these risks](https://80000hours.org/articles/existential-risks/#what-can-be-done-about-these-risks).",
    ),
    (
        "aesfuture-generations:217",
        "Read more about [the arguments for focusing on existential risks](https://80000hours.org/articles/extinction-risk/), which apply even if you’re mainly focused on the present generation, but even more so if you accept the long-term value thesis.",
    ),
    (
        "aetfuture-generations:112",
        "Not everyone focused on longtermism thinks we should focus on directly reducing specific existential risks. Some think we should try to shape emerging technologies to increase the chance they go well (as well as reduce risks), others think we should focus on making society generally better able to navigate challenges (since perhaps we don’t know what the biggest risks are), and yet others think we should focus on building the resources of those concerned about longtermism in the future, so they’re in a better position to act compared to us — this is called [patient longtermism](https://80000hours.org/2020/08/the-emerging-school-of-patient-longtermism/). We discuss these options more in a [podcast with Benjamin Todd](https://80000hours.org/podcast/episodes/ben-todd-on-varieties-of-longtermism/).",
    ),
    (
        "aeufuture-generations:178",
        "We’re also deeply unsure about all of these suggestions, so our other focus is on [global priorities research](https://80000hours.org/problem-profiles/global-priorities-research/) to identify the best ways to help the future. This includes the question of whether there might be positive path changes to promote (sometimes called [“existential hope”](https://www.fhi.ox.ac.uk/Existential-risk-and-existential-hope.pdf)), as well as what negative risks are most important to avoid.",
    ),
    (
        "aevfuture-generations:178future-generations:310",
        "There might also be [crucial considerations](http://www.stafforini.com/blog/bostrom/) that might overturn longtermism. We think this research could have a significant impact on our priorities, and there’s also only a handful of researchers currently doing it.",
    ),
    (
        "aewfuture-generations:178future-generations:310future-generations:310",
        "The stakes facing our generation are much more than they first seem. Our actions might have the potential to bring about a far better world, or cut it short. Our key concern should be to ensure the future goes well.",
    ),
    (
        "aexfuture-generations:310",
        "<div class=\"well bg-gray-lighter margin-bottom margin-top padding-top-small padding-bottom-small\">",
    ),
    (
        "aeyfuture-generations:259",
        "## Want to focus your career on the long-run future?",
    ),
    (
        "aezfuture-generations:259future-generations:265",
        "If you want to work on any issues essential to ensuring the future goes well, such as controlling nuclear weapons or shaping the development of artificial intelligence or biotechnology, you can speak to our team one-on-one.",
    ),
    (
        "afafuture-generations:259future-generations:265future-generations:265",
        "We’ve helped hundreds of people choose an area to focus, make connections, and then find jobs and funding in these areas. If you’re already in one of these areas, we can help you maximise your impact within it.",
    ),
    (
        "afbfuture-generations:265",
        "<a href=\"https://80000hours.org/speak-with-us/?int_campaign=article__long-term-future\" title=\"\" class=\"btn btn-primary\">Speak to us</a>",
    ),
    (
        "afcfuture-generations:265future-generations:269",
        "</div>",
    ),
    (
        "afdfuture-generations:269",
        "## Further reading",
    ),
    (
        "afefuture-generations:271",
        "- Chapters 1-4 [_On the Overwhelming Importance of Shaping the Far Future_](https://80000hours.org/wp-content/uploads/2022/01/Beckstead-Nick-On-the-Overwhelming-Importance-of-Shaping-the-Far-Future-better-formatting.pdf) by Nick Beckstead (also discussed [in a podcast episode with us](https://80000hours.org/2017/10/nick-beckstead-giving-billions/)). This thesis builds upon a seminal paper by Nick Bostrom, [_Astronomical Waste_](https://nickbostrom.com/astronomical/waste.html), which makes the argument that the future has overwhelming value for [utilitarians](https://www.utilitarianism.net/), as well as [_Existential Risk Prevention as a Global Priority_](http://www.existential-risk.org/concept.html).\n- A more recent and systematic academic treatment of the topic can be found here: [The Case for Strong Longtermism](https://globalprioritiesinstitute.org/hilary-greaves-william-macaskill-the-case-for-strong-longtermism-2/), by Hilary Greaves and Will MacAskill\n- Dr Toby Ord discusses these arguments in his book, [_The Precipice_](https://theprecipice.com/), and in a [podcast episode with us](https://80000hours.org/articles/why-the-long-run-future-matters-more-than-anything-else-and-what-we-should-do-about-it/).\n- Benjamin Todd and Arden Koehler discuss varieties of longtermism in [this podcast](https://80000hours.org/podcast/episodes/ben-todd-on-varieties-of-longtermism/).\n- [Our podcast with Alexander Berger](https://80000hours.org/podcast/episodes/alexander-berger-improving-global-health-wellbeing-clear-direct-ways/) presents a case for focusing instead on near-term gains in global health and wellbeing.\n- \u{200b}\u{200b}\u{200b}\u{200b}In this podcast, Holden Karnofsky talks about the case that we’re living in [the most important century](https://80000hours.org/podcast/episodes/holden-karnofsky-most-important-century/). And in a blog post, [_Are we living at the most influential time in history?_](https://forum.effectivealtruism.org/posts/XXLf6FmWujkxna3E6/are-we-living-at-the-most-influential-time-in-history-1), Dr Will MacAskill responds with counterarguments.\n- [Why despite global progress, humanity is probably facing its most dangerous time ever.](https://80000hours.org/articles/extinction-risk/)\n- [Carl Shulman on the common-sense case for existential risk work and its practical implications](https://80000hours.org/podcast/episodes/carl-shulman-common-sense-case-existential-risks/)\n- An alternative [introduction to longtermism](https://www.effectivealtruism.org/articles/longtermism/), which goes through somewhat different objections and reasoning\n- Introductory overviews on longtermism from the [Forethought Foundation for Global Priorities Research](https://www.forethought.org/longtermism), [Our World In Data](https://ourworldindata.org/longtermism), [Wikipedia](https://en.wikipedia.org/wiki/Longtermism), and [1000 Word Philosophy](https://1000wordphilosophy.com/2021/09/17/longtermism/).\n- [Will MacAskill on whether you have to buy longtermism to prioritise reducing existential risk](https://80000hours.org/podcast/episodes/will-macaskill-ambition-longtermism-mental-health/)\n- If you’re interested in making charitable donations, see [Giving What We Can’s recommended charities and funds that are safeguarding the long-term future.](https://www.givingwhatwecan.org/cause-areas/long-term-future)\n- [Moral uncertainty: how to act when you’re uncertain about what’s good](https://80000hours.org/articles/moral-uncertainty/)",
    ),
    (
        "afffuture-generations:286",
        "<div class=\"tw--mt-6 tw--p-3 tw--pt-2 tw--bg-gray-lighter tw--rounded-md \">",
    ),
    (
        "afgfuture-generations:288",
        "### <a class=\"tw--text-off-black hover:tw--text-off-black hover:tw--no-underline focus:tw--text-off-black\" href=\"https://80000hours.org/articles/effective-altruism/\"> <small>Read next:\u{a0}</small> Effective altruism </a>",
    ),
    (
        "afhfuture-generations:290",
        "<div class=\"tw--grid xs:tw--grid-flow-col tw--gap-3\"><div class=\"xs:tw--order-last tw--pt-1\">\n[!img~ width=\"720\" height=\"448\" ~[Decorative post preview](https://80000hours.org/wp-content/uploads/2017/03/cost-effectiveness-of-health-interventionsV1-01-e1489184505545-720x448.png)](https://80000hours.org/articles/effective-altruism/)\n</div>",
    ),
    (
        "afifuture-generations:294",
        "<div><div class=\"tw--pb-3\">",
    ),
    (
        "afjfuture-generations:296",
        "Why some ways of doing good are much more effective than others, how we underestimate the size of the effect.",
    ),
    (
        "afkfuture-generations:296future-generations:300",
        "</div>",
    ),
    (
        "aflfuture-generations:300",
        "<div>\n<a href=\"https://80000hours.org/articles/effective-altruism/\" class=\"btn btn-primary\">Continue →</a>\n</div>",
    ),
    (
        "afmfuture-generations:300future-generations:312",
        "</div>",
    ),
    (
        "afnfuture-generations:300future-generations:312future-generations:312",
        "</div>",
    ),
    (
        "afofuture-generations:300future-generations:312future-generations:312future-generations:312",
        "</div>",
    ),
    (
        "afpfuture-generations:300future-generations:312future-generations:312future-generations:312future-generations:312",
        "<div class=\"well bg-gray-lighter margin-bottom margin-top padding-top-small padding-bottom-small\">",
    ),
    (
        "afqfuture-generations:312",
        "### Enter your email and we’ll mail you a book (for free).",
    ),
    (
        "afrfuture-generations:089",
        "Join our newsletter and we’ll send you a free copy of _The Precipice_ — a book by philosopher Toby Ord about how to tackle the greatest threats facing humanity.",
    ),
    (
        "afsfuture-generations:089future-generations:320",
        "!newsletter-subscribe",
    ),
    (
        "aftfuture-generations:089future-generations:320future-generations:320",
        "</div>",
    ),
    (
        "afufuture-generations:320",
        "<div class=\"margin-top-large margin-bottom-large\">\n!social-share",
    ),
    (
        "afvfuture-generations:320future-generations:325",
        "</div>",
    ),
    (
        "afwfuture-generations:325",
        "<footer><div class=\"margin-top margin-bottom-large\"><ul class=\"post-categories tags\"><li class=\"tags__tag\"><a href=\"https://80000hours.org/topic/causes/future-generations/\" title=\"View all posts on topic: Future Generations\" rel=\"category tag\">Future Generations</a></li><li class=\"tags__tag\"><a href=\"https://80000hours.org/topic/big-picture/longtermism/\" title=\"View all posts on topic: Longtermism\" rel=\"category tag\">Longtermism</a></li><li class=\"tags__tag\"><a href=\"https://80000hours.org/topic/big-picture/moral-philosophy/\" title=\"View all posts on topic: Moral philosophy\" rel=\"category tag\">Moral philosophy</a></li></ul></div></footer>",
    ),
]
test tests::telegram_future ... ok

test result: ok. 1 passed; 0 failed; 0 ignored; 0 measured; 7 filtered out; finished in 5.79s

